<?xml version="1.0" encoding="UTF-8"?>
<!-- Generated by org.testng.reporters.JUnitReportReporter -->
<testsuite hostname="SaiPramuBlueBerry1" name="com.first.test.RegistrationTest" tests="1" failures="0" timestamp="22 Apr 2016 06:17:58 GMT" time="11.303" errors="0">
  <testcase name="testRegister" time="11.303" classname="com.first.test.RegistrationTest"/>
</testsuite> <!-- com.first.test.RegistrationTest -->
